<?xml version="1.0" encoding="UTF-8"?>
<coverage generated="1777454362546" clover="3.2.0">
  <project timestamp="1777454362546" name="All files">
    <metrics statements="29" coveredstatements="29" conditionals="7" coveredconditionals="7" methods="1" coveredmethods="1" elements="37" coveredelements="37" complexity="0" loc="29" ncloc="29" packages="1" files="1" classes="1"/>
    <file name="middleware.ts" path="/Users/louiseheraud/Desktop/Presentation/middleware.ts">
      <metrics statements="29" coveredstatements="29" conditionals="7" coveredconditionals="7" methods="1" coveredmethods="1"/>
      <line num="1" count="1" type="stmt"/>
      <line num="2" count="1" type="stmt"/>
      <line num="3" count="1" type="stmt"/>
      <line num="4" count="1" type="cond" truecount="1" falsecount="0"/>
      <line num="5" count="6" type="stmt"/>
      <line num="6" count="6" type="stmt"/>
      <line num="7" count="6" type="stmt"/>
      <line num="8" count="6" type="cond" truecount="1" falsecount="0"/>
      <line num="9" count="6" type="stmt"/>
      <line num="10" count="6" type="cond" truecount="1" falsecount="0"/>
      <line num="11" count="2" type="stmt"/>
      <line num="12" count="2" type="cond" truecount="1" falsecount="0"/>
      <line num="13" count="4" type="stmt"/>
      <line num="14" count="4" type="stmt"/>
      <line num="15" count="6" type="cond" truecount="1" falsecount="0"/>
      <line num="16" count="6" type="stmt"/>
      <line num="17" count="6" type="cond" truecount="1" falsecount="0"/>
      <line num="18" count="2" type="cond" truecount="1" falsecount="0"/>
      <line num="19" count="1" type="stmt"/>
      <line num="20" count="1" type="stmt"/>
      <line num="21" count="1" type="stmt"/>
      <line num="22" count="1" type="stmt"/>
      <line num="23" count="2" type="stmt"/>
      <line num="24" count="2" type="stmt"/>
      <line num="25" count="2" type="stmt"/>
      <line num="26" count="1" type="stmt"/>
      <line num="27" count="1" type="stmt"/>
      <line num="28" count="1" type="stmt"/>
      <line num="29" count="1" type="stmt"/>
    </file>
  </project>
</coverage>
